# JRE version: Java(TM) SE Runtime Environment (17.0.10+11) (build 17.0.10+11-LTS-240)
# Java VM: Java HotSpot(TM) 64-Bit Server VM (17.0.10+11-LTS-240, mixed mode, sharing, tiered, compressed oops, compressed class ptrs, g1 gc, windows-amd64)
GC Precious Log:
 CPUs: 16 total, 16 available
 Memory: 15791M
 Large Page Support: Disabled
 NUMA Support: Disabled
 Compressed Oops: Enabled (Zero based)
 Heap Region Size: 2M
 Heap Min Capacity: 8M
 Heap Initial Capacity: 248M
 Heap Max Capacity: 3948M
 Pre-touch: Disabled
 Parallel Workers: 13
 Concurrent Workers: 3
 Concurrent Refinement Workers: 13
 Periodic GC: Disabled
Heap:
 garbage-first heap   total 157696K, used 88913K [0x0000000709400000, 0x0000000800000000)
  region size 2048K, 29 young (59392K), 1 survivors (2048K)
 Metaspace       used 27786K, committed 28096K, reserved 1114112K
  class space    used 3502K, committed 3648K, reserved 1048576K
GC Heap History (14 events):
Event: 0.915 GC heap before
{Heap before GC invocations=0 (full 0):
 garbage-first heap   total 253952K, used 20480K [0x0000000709400000, 0x0000000800000000)
  region size 2048K, 11 young (22528K), 0 survivors (0K)
 Metaspace       used 4240K, committed 4416K, reserved 1114112K
  class space    used 486K, committed 576K, reserved 1048576K
}
Event: 0.918 GC heap after
{Heap after GC invocations=1 (full 0):
 garbage-first heap   total 253952K, used 3925K [0x0000000709400000, 0x0000000800000000)
  region size 2048K, 2 young (4096K), 2 survivors (4096K)
 Metaspace       used 4240K, committed 4416K, reserved 1114112K
  class space    used 486K, committed 576K, reserved 1048576K
}
Event: 1.555 GC heap before
{Heap before GC invocations=1 (full 0):
 garbage-first heap   total 253952K, used 36693K [0x0000000709400000, 0x0000000800000000)
  region size 2048K, 19 young (38912K), 2 survivors (4096K)
 Metaspace       used 13485K, committed 13760K, reserved 1114112K
  class space    used 1521K, committed 1664K, reserved 1048576K
}
Event: 1.562 GC heap after
{Heap after GC invocations=2 (full 0):
 garbage-first heap   total 253952K, used 10399K [0x0000000709400000, 0x0000000800000000)
  region size 2048K, 3 young (6144K), 3 survivors (6144K)
 Metaspace       used 13485K, committed 13760K, reserved 1114112K
  class space    used 1521K, committed 1664K, reserved 1048576K
}
Event: 8.142 GC heap before
{Heap before GC invocations=2 (full 0):
 garbage-first heap   total 253952K, used 51359K [0x0000000709400000, 0x0000000800000000)
  region size 2048K, 25 young (51200K), 3 survivors (6144K)
 Metaspace       used 21216K, committed 21504K, reserved 1114112K
  class space    used 2765K, committed 2944K, reserved 1048576K
}
Event: 8.150 GC heap after
{Heap after GC invocations=3 (full 0):
 garbage-first heap   total 253952K, used 12788K [0x0000000709400000, 0x0000000800000000)
  region size 2048K, 2 young (4096K), 2 survivors (4096K)
 Metaspace       used 21216K, committed 21504K, reserved 1114112K
  class space    used 2765K, committed 2944K, reserved 1048576K
}
Event: 39.650 GC heap before
{Heap before GC invocations=4 (full 0):
 garbage-first heap   total 61440K, used 45556K [0x0000000709400000, 0x0000000800000000)
  region size 2048K, 18 young (36864K), 2 survivors (4096K)
 Metaspace       used 26105K, committed 26368K, reserved 1114112K
  class space    used 3417K, committed 3520K, reserved 1048576K
}
Event: 39.655 GC heap after
{Heap after GC invocations=5 (full 0):
 garbage-first heap   total 61440K, used 21002K [0x0000000709400000, 0x0000000800000000)
  region size 2048K, 3 young (6144K), 3 survivors (6144K)
 Metaspace       used 26105K, committed 26368K, reserved 1114112K
  class space    used 3417K, committed 3520K, reserved 1048576K
}
Event: 39.663 GC heap before
{Heap before GC invocations=5 (full 0):
 garbage-first heap   total 61440K, used 23050K [0x0000000709400000, 0x0000000800000000)
  region size 2048K, 4 young (8192K), 3 survivors (6144K)
 Metaspace       used 26122K, committed 26368K, reserved 1114112K
  class space    used 3417K, committed 3520K, reserved 1048576K
}
Event: 39.665 GC heap after
{Heap after GC invocations=6 (full 0):
 garbage-first heap   total 61440K, used 22370K [0x0000000709400000, 0x0000000800000000)
  region size 2048K, 1 young (2048K), 1 survivors (2048K)
 Metaspace       used 26122K, committed 26368K, reserved 1114112K
  class space    used 3417K, committed 3520K, reserved 1048576K
}
Event: 39.804 GC heap before
{Heap before GC invocations=6 (full 0):
 garbage-first heap   total 61440K, used 40802K [0x0000000709400000, 0x0000000800000000)
  region size 2048K, 10 young (20480K), 1 survivors (2048K)
 Metaspace       used 26254K, committed 26496K, reserved 1114112K
  class space    used 3419K, committed 3520K, reserved 1048576K
}
Event: 39.809 GC heap after
{Heap after GC invocations=7 (full 0):
 garbage-first heap   total 61440K, used 29195K [0x0000000709400000, 0x0000000800000000)
  region size 2048K, 2 young (4096K), 2 survivors (4096K)
 Metaspace       used 26254K, committed 26496K, reserved 1114112K
  class space    used 3419K, committed 3520K, reserved 1048576K
}
Event: 39.913 GC heap before
{Heap before GC invocations=7 (full 0):
 garbage-first heap   total 61440K, used 41483K [0x0000000709400000, 0x0000000800000000)
  region size 2048K, 8 young (16384K), 2 survivors (4096K)
 Metaspace       used 26365K, committed 26624K, reserved 1114112K
  class space    used 3419K, committed 3520K, reserved 1048576K
}
Event: 39.918 GC heap after
{Heap after GC invocations=8 (full 0):
 garbage-first heap   total 157696K, used 33617K [0x0000000709400000, 0x0000000800000000)
  region size 2048K, 1 young (2048K), 1 survivors (2048K)
 Metaspace       used 26365K, committed 26624K, reserved 1114112K
  class space    used 3419K, committed 3520K, reserved 1048576K
}

